Release 14.7 - xst P.20131013 (nt64)
Copyright (c) 1995-2013 Xilinx, Inc.  All rights reserved.
--> Parameter TMPDIR set to xst/projnav.tmp


Total REAL time to Xst completion: 1.00 secs
Total CPU time to Xst completion: 0.21 secs
 
--> Parameter xsthdpdir set to xst


Total REAL time to Xst completion: 1.00 secs
Total CPU time to Xst completion: 0.22 secs
 
--> Reading design: serial_adder_8_bit.prj

TABLE OF CONTENTS
  1) Synthesis Options Summary
  2) HDL Parsing
  3) HDL Elaboration
  4) HDL Synthesis
       4.1) HDL Synthesis Report
  5) Advanced HDL Synthesis
       5.1) Advanced HDL Synthesis Report
  6) Low Level Synthesis
  7) Partition Report
  8) Design Summary
       8.1) Primitive and Black Box Usage
       8.2) Device utilization summary
       8.3) Partition Resource Summary
       8.4) Timing Report
            8.4.1) Clock Information
            8.4.2) Asynchronous Control Signals Information
            8.4.3) Timing Summary
            8.4.4) Timing Details
            8.4.5) Cross Clock Domains Report


=========================================================================
*                      Synthesis Options Summary                        *
=========================================================================
---- Source Parameters
Input File Name                    : "serial_adder_8_bit.prj"
Ignore Synthesis Constraint File   : NO

---- Target Parameters
Output File Name                   : "serial_adder_8_bit"
Output Format                      : NGC
Target Device                      : xc6slx45-3-csg324

---- Source Options
Top Module Name                    : serial_adder_8_bit
Automatic FSM Extraction           : YES
FSM Encoding Algorithm             : Auto
Safe Implementation                : No
FSM Style                          : LUT
RAM Extraction                     : Yes
RAM Style                          : Auto
ROM Extraction                     : Yes
Shift Register Extraction          : YES
ROM Style                          : Auto
Resource Sharing                   : YES
Asynchronous To Synchronous        : NO
Shift Register Minimum Size        : 2
Use DSP Block                      : Auto
Automatic Register Balancing       : No

---- Target Options
LUT Combining                      : Auto
Reduce Control Sets                : Auto
Add IO Buffers                     : YES
Global Maximum Fanout              : 100000
Add Generic Clock Buffer(BUFG)     : 16
Register Duplication               : YES
Optimize Instantiated Primitives   : NO
Use Clock Enable                   : Auto
Use Synchronous Set                : Auto
Use Synchronous Reset              : Auto
Pack IO Registers into IOBs        : Auto
Equivalent register Removal        : YES

---- General Options
Optimization Goal                  : Speed
Optimization Effort                : 1
Power Reduction                    : NO
Keep Hierarchy                     : No
Netlist Hierarchy                  : As_Optimized
RTL Output                         : Yes
Global Optimization                : AllClockNets
Read Cores                         : YES
Write Timing Constraints           : NO
Cross Clock Analysis               : NO
Hierarchy Separator                : /
Bus Delimiter                      : <>
Case Specifier                     : Maintain
Slice Utilization Ratio            : 100
BRAM Utilization Ratio             : 100
DSP48 Utilization Ratio            : 100
Auto BRAM Packing                  : NO
Slice Utilization Ratio Delta      : 5

=========================================================================


=========================================================================
*                          HDL Parsing                                  *
=========================================================================
Analyzing Verilog file "C:\Users\Engin\Desktop\bitirme_git\MicroBlaze_XPS\pcores\serial_adder_8_bit_v1_00_a\hdl\verilog\user_logic.v" into library work
Parsing module <user_logic>.
Parsing VHDL file "E:/Xilinx_EDK/14.7/ISE_DS/EDK/hw/XilinxProcessorIPLib/pcores/proc_common_v3_00_a/hdl/vhdl/proc_common_pkg.vhd" into library proc_common_v3_00_a
Parsing package <proc_common_pkg>.
Parsing package body <proc_common_pkg>.
Parsing VHDL file "E:/Xilinx_EDK/14.7/ISE_DS/EDK/hw/XilinxProcessorIPLib/pcores/proc_common_v3_00_a/hdl/vhdl/family_support.vhd" into library proc_common_v3_00_a
Parsing package <family_support>.
Parsing package body <family_support>.
Parsing VHDL file "E:/Xilinx_EDK/14.7/ISE_DS/EDK/hw/XilinxProcessorIPLib/pcores/proc_common_v3_00_a/hdl/vhdl/pselect_f.vhd" into library proc_common_v3_00_a
Parsing entity <pselect_f>.
Parsing architecture <imp> of entity <pselect_f>.
Parsing VHDL file "E:/Xilinx_EDK/14.7/ISE_DS/EDK/hw/XilinxProcessorIPLib/pcores/proc_common_v3_00_a/hdl/vhdl/ipif_pkg.vhd" into library proc_common_v3_00_a
Parsing package <ipif_pkg>.
Parsing package body <ipif_pkg>.
Parsing VHDL file "E:/Xilinx_EDK/14.7/ISE_DS/EDK/hw/XilinxProcessorIPLib/pcores/proc_common_v3_00_a/hdl/vhdl/counter_f.vhd" into library proc_common_v3_00_a
Parsing entity <counter_f>.
Parsing architecture <imp> of entity <counter_f>.
Parsing VHDL file "E:/Xilinx_EDK/14.7/ISE_DS/EDK/hw/XilinxProcessorIPLib/pcores/axi_lite_ipif_v1_01_a/hdl/vhdl/address_decoder.vhd" into library axi_lite_ipif_v1_01_a
Parsing entity <address_decoder>.
Parsing architecture <IMP> of entity <address_decoder>.
Parsing VHDL file "E:/Xilinx_EDK/14.7/ISE_DS/EDK/hw/XilinxProcessorIPLib/pcores/axi_lite_ipif_v1_01_a/hdl/vhdl/slave_attachment.vhd" into library axi_lite_ipif_v1_01_a
Parsing entity <slave_attachment>.
Parsing architecture <imp> of entity <slave_attachment>.
Parsing VHDL file "E:/Xilinx_EDK/14.7/ISE_DS/EDK/hw/XilinxProcessorIPLib/pcores/axi_lite_ipif_v1_01_a/hdl/vhdl/axi_lite_ipif.vhd" into library axi_lite_ipif_v1_01_a
Parsing entity <axi_lite_ipif>.
Parsing architecture <imp> of entity <axi_lite_ipif>.
Parsing VHDL file "C:\Users\Engin\Desktop\bitirme_git\MicroBlaze_XPS\pcores\serial_adder_8_bit_v1_00_a\hdl\vhdl\serial_adder_8_bit.vhd" into library work
Parsing entity <serial_adder_8_bit>.
Parsing architecture <IMP> of entity <serial_adder_8_bit>.

=========================================================================
*                            HDL Elaboration                            *
=========================================================================

Elaborating entity <serial_adder_8_bit> (architecture <IMP>) with generics from library <work>.

Elaborating entity <axi_lite_ipif> (architecture <imp>) with generics from library <axi_lite_ipif_v1_01_a>.

Elaborating entity <slave_attachment> (architecture <imp>) with generics from library <axi_lite_ipif_v1_01_a>.

Elaborating entity <address_decoder> (architecture <IMP>) with generics from library <axi_lite_ipif_v1_01_a>.

Elaborating entity <pselect_f> (architecture <imp>) with generics from library <proc_common_v3_00_a>.

Elaborating entity <pselect_f> (architecture <imp>) with generics from library <proc_common_v3_00_a>.

Elaborating entity <pselect_f> (architecture <imp>) with generics from library <proc_common_v3_00_a>.

Elaborating entity <pselect_f> (architecture <imp>) with generics from library <proc_common_v3_00_a>.
INFO:HDLCompiler:679 - "E:/Xilinx_EDK/14.7/ISE_DS/EDK/hw/XilinxProcessorIPLib/pcores/axi_lite_ipif_v1_01_a/hdl/vhdl/slave_attachment.vhd" Line 417. Case statement is complete. others clause is never selected
Going to verilog side to elaborate module user_logic

Elaborating module <user_logic(C_NUM_REG=4,C_SLV_DWIDTH=32)>.
Back to vhdl to continue elaboration

=========================================================================
*                           HDL Synthesis                               *
=========================================================================

Synthesizing Unit <serial_adder_8_bit>.
    Related source file is "C:\Users\Engin\Desktop\bitirme_git\MicroBlaze_XPS\pcores\serial_adder_8_bit_v1_00_a\hdl\vhdl\serial_adder_8_bit.vhd".
WARNING:Xst:37 - Detected unknown constraint/property "sigis". This constraint/property is not supported by the current software release and will be ignored.
WARNING:Xst:37 - Detected unknown constraint/property "sigis". This constraint/property is not supported by the current software release and will be ignored.
        C_S_AXI_DATA_WIDTH = 32
        C_S_AXI_ADDR_WIDTH = 32
        C_S_AXI_MIN_SIZE = "00000000000000000000000111111111"
        C_USE_WSTRB = 0
        C_DPHASE_TIMEOUT = 8
        C_BASEADDR = "11111111111111111111111111111111"
        C_HIGHADDR = "00000000000000000000000000000000"
        C_FAMILY = "virtex6"
        C_NUM_REG = 1
        C_NUM_MEM = 1
        C_SLV_AWIDTH = 32
        C_SLV_DWIDTH = 32
    Set property "MAX_FANOUT = 10000" for signal <S_AXI_ACLK>.
WARNING:Xst:37 - Detected unknown constraint/property "sigis". This constraint/property is not supported by the current software release and will be ignored.
    Set property "MAX_FANOUT = 10000" for signal <S_AXI_ARESETN>.
WARNING:Xst:37 - Detected unknown constraint/property "sigis". This constraint/property is not supported by the current software release and will be ignored.
INFO:Xst:3210 - "C:\Users\Engin\Desktop\bitirme_git\MicroBlaze_XPS\pcores\serial_adder_8_bit_v1_00_a\hdl\vhdl\serial_adder_8_bit.vhd" line 275: Output port <Bus2IP_Addr> of the instance <AXI_LITE_IPIF_I> is unconnected or connected to loadless signal.
INFO:Xst:3210 - "C:\Users\Engin\Desktop\bitirme_git\MicroBlaze_XPS\pcores\serial_adder_8_bit_v1_00_a\hdl\vhdl\serial_adder_8_bit.vhd" line 275: Output port <Bus2IP_CS> of the instance <AXI_LITE_IPIF_I> is unconnected or connected to loadless signal.
INFO:Xst:3210 - "C:\Users\Engin\Desktop\bitirme_git\MicroBlaze_XPS\pcores\serial_adder_8_bit_v1_00_a\hdl\vhdl\serial_adder_8_bit.vhd" line 275: Output port <Bus2IP_RNW> of the instance <AXI_LITE_IPIF_I> is unconnected or connected to loadless signal.
    Summary:
	no macro.
Unit <serial_adder_8_bit> synthesized.

Synthesizing Unit <axi_lite_ipif>.
    Related source file is "E:/Xilinx_EDK/14.7/ISE_DS/EDK/hw/XilinxProcessorIPLib/pcores/axi_lite_ipif_v1_01_a/hdl/vhdl/axi_lite_ipif.vhd".
        C_S_AXI_DATA_WIDTH = 32
        C_S_AXI_ADDR_WIDTH = 32
        C_S_AXI_MIN_SIZE = "00000000000000000000000111111111"
        C_USE_WSTRB = 0
        C_DPHASE_TIMEOUT = 8
        C_ARD_ADDR_RANGE_ARRAY = ("0000000000000000000000000000000011111111111111111111111111111111","0000000000000000000000000000000000000000000000000000000000000000")
        C_ARD_NUM_CE_ARRAY = (4)
        C_FAMILY = "virtex6"
    Summary:
	no macro.
Unit <axi_lite_ipif> synthesized.

Synthesizing Unit <slave_attachment>.
    Related source file is "E:/Xilinx_EDK/14.7/ISE_DS/EDK/hw/XilinxProcessorIPLib/pcores/axi_lite_ipif_v1_01_a/hdl/vhdl/slave_attachment.vhd".
        C_ARD_ADDR_RANGE_ARRAY = ("0000000000000000000000000000000011111111111111111111111111111111","0000000000000000000000000000000000000000000000000000000000000000")
        C_ARD_NUM_CE_ARRAY = (4)
        C_IPIF_ABUS_WIDTH = 32
        C_IPIF_DBUS_WIDTH = 32
        C_S_AXI_MIN_SIZE = "00000000000000000000000111111111"
        C_USE_WSTRB = 0
        C_DPHASE_TIMEOUT = 8
        C_FAMILY = "virtex6"
WARNING:Xst:647 - Input <S_AXI_AWADDR<31:9>> is never used. This port will be preserved and left unconnected if it belongs to a top-level block or it belongs to a sub-block and the hierarchy of this sub-block is preserved.
WARNING:Xst:647 - Input <S_AXI_WSTRB> is never used. This port will be preserved and left unconnected if it belongs to a top-level block or it belongs to a sub-block and the hierarchy of this sub-block is preserved.
WARNING:Xst:647 - Input <S_AXI_ARADDR<31:9>> is never used. This port will be preserved and left unconnected if it belongs to a top-level block or it belongs to a sub-block and the hierarchy of this sub-block is preserved.
INFO:Xst:3210 - "E:/Xilinx_EDK/14.7/ISE_DS/EDK/hw/XilinxProcessorIPLib/pcores/axi_lite_ipif_v1_01_a/hdl/vhdl/slave_attachment.vhd" line 341: Output port <CS_for_gaps> of the instance <I_DECODER> is unconnected or connected to loadless signal.
    Found 2-bit register for signal <state>.
    Found 2-bit register for signal <s_axi_rresp_i>.
    Found 32-bit register for signal <s_axi_rdata_i>.
    Found 1-bit register for signal <s_axi_rvalid_i>.
    Found 2-bit register for signal <s_axi_bresp_i>.
    Found 1-bit register for signal <s_axi_bvalid_i>.
    Found 4-bit register for signal <INCLUDE_DPHASE_TIMER.dpto_cnt>.
    Found 1-bit register for signal <rst>.
    Found finite state machine <FSM_0> for signal <state>.
    -----------------------------------------------------------------------
    | States             | 4                                              |
    | Transitions        | 10                                             |
    | Inputs             | 6                                              |
    | Outputs            | 4                                              |
    | Clock              | S_AXI_ACLK (rising_edge)                       |
    | Reset              | rst (positive)                                 |
    | Reset type         | synchronous                                    |
    | Reset State        | sm_idle                                        |
    | Power Up State     | sm_idle                                        |
    | Encoding           | auto                                           |
    | Implementation     | LUT                                            |
    -----------------------------------------------------------------------
    Found 4-bit adder for signal <INCLUDE_DPHASE_TIMER.dpto_cnt[3]_GND_12_o_add_31_OUT> created at line 507.
    Summary:
	inferred   1 Adder/Subtractor(s).
	inferred  43 D-type flip-flop(s).
	inferred   2 Multiplexer(s).
	inferred   1 Finite State Machine(s).
Unit <slave_attachment> synthesized.

Synthesizing Unit <address_decoder>.
    Related source file is "E:/Xilinx_EDK/14.7/ISE_DS/EDK/hw/XilinxProcessorIPLib/pcores/axi_lite_ipif_v1_01_a/hdl/vhdl/address_decoder.vhd".
        C_BUS_AWIDTH = 9
        C_S_AXI_MIN_SIZE = "00000000000000000000000111111111"
        C_ARD_ADDR_RANGE_ARRAY = ("0000000000000000000000000000000011111111111111111111111111111111","0000000000000000000000000000000000000000000000000000000000000000")
        C_ARD_NUM_CE_ARRAY = (4)
        C_FAMILY = "nofamily"
WARNING:Xst:647 - Input <Address_In_Erly<0:4>> is never used. This port will be preserved and left unconnected if it belongs to a top-level block or it belongs to a sub-block and the hierarchy of this sub-block is preserved.
WARNING:Xst:647 - Input <Bus_RNW> is never used. This port will be preserved and left unconnected if it belongs to a top-level block or it belongs to a sub-block and the hierarchy of this sub-block is preserved.
    Found 1-bit register for signal <Bus_RNW_reg>.
    Found 1-bit register for signal <ce_out_i<0>>.
    Found 1-bit register for signal <ce_out_i<1>>.
    Found 1-bit register for signal <ce_out_i<2>>.
    Found 1-bit register for signal <ce_out_i<3>>.
    Found 1-bit register for signal <cs_out_i>.
    Summary:
	inferred   6 D-type flip-flop(s).
Unit <address_decoder> synthesized.

Synthesizing Unit <pselect_f_1>.
    Related source file is "E:/Xilinx_EDK/14.7/ISE_DS/EDK/hw/XilinxProcessorIPLib/pcores/proc_common_v3_00_a/hdl/vhdl/pselect_f.vhd".
        C_AB = 2
        C_AW = 2
        C_BAR = "00"
        C_FAMILY = "nofamily"
    Summary:
	inferred   1 Multiplexer(s).
Unit <pselect_f_1> synthesized.

Synthesizing Unit <pselect_f_2>.
    Related source file is "E:/Xilinx_EDK/14.7/ISE_DS/EDK/hw/XilinxProcessorIPLib/pcores/proc_common_v3_00_a/hdl/vhdl/pselect_f.vhd".
        C_AB = 2
        C_AW = 2
        C_BAR = "01"
        C_FAMILY = "nofamily"
    Summary:
	inferred   1 Multiplexer(s).
Unit <pselect_f_2> synthesized.

Synthesizing Unit <pselect_f_3>.
    Related source file is "E:/Xilinx_EDK/14.7/ISE_DS/EDK/hw/XilinxProcessorIPLib/pcores/proc_common_v3_00_a/hdl/vhdl/pselect_f.vhd".
        C_AB = 2
        C_AW = 2
        C_BAR = "10"
        C_FAMILY = "nofamily"
    Summary:
	inferred   1 Multiplexer(s).
Unit <pselect_f_3> synthesized.

Synthesizing Unit <pselect_f_4>.
    Related source file is "E:/Xilinx_EDK/14.7/ISE_DS/EDK/hw/XilinxProcessorIPLib/pcores/proc_common_v3_00_a/hdl/vhdl/pselect_f.vhd".
        C_AB = 2
        C_AW = 2
        C_BAR = "11"
        C_FAMILY = "nofamily"
    Summary:
	inferred   1 Multiplexer(s).
Unit <pselect_f_4> synthesized.

Synthesizing Unit <user_logic>.
    Related source file is "C:\Users\Engin\Desktop\bitirme_git\MicroBlaze_XPS\pcores\serial_adder_8_bit_v1_00_a\hdl\verilog\user_logic.v".
        C_NUM_REG = 4
        C_SLV_DWIDTH = 32
    Found 1-bit register for signal <slv_reg0<30>>.
    Found 1-bit register for signal <slv_reg0<29>>.
    Found 1-bit register for signal <slv_reg0<28>>.
    Found 1-bit register for signal <slv_reg0<27>>.
    Found 1-bit register for signal <slv_reg0<26>>.
    Found 1-bit register for signal <slv_reg0<25>>.
    Found 1-bit register for signal <slv_reg0<24>>.
    Found 1-bit register for signal <slv_reg0<23>>.
    Found 1-bit register for signal <slv_reg0<22>>.
    Found 1-bit register for signal <slv_reg0<21>>.
    Found 1-bit register for signal <slv_reg0<20>>.
    Found 1-bit register for signal <slv_reg0<19>>.
    Found 1-bit register for signal <slv_reg0<18>>.
    Found 1-bit register for signal <slv_reg0<17>>.
    Found 1-bit register for signal <slv_reg0<16>>.
    Found 1-bit register for signal <slv_reg0<15>>.
    Found 1-bit register for signal <slv_reg0<14>>.
    Found 1-bit register for signal <slv_reg0<13>>.
    Found 1-bit register for signal <slv_reg0<12>>.
    Found 1-bit register for signal <slv_reg0<11>>.
    Found 1-bit register for signal <slv_reg0<10>>.
    Found 1-bit register for signal <slv_reg0<9>>.
    Found 1-bit register for signal <slv_reg0<8>>.
    Found 1-bit register for signal <slv_reg0<7>>.
    Found 1-bit register for signal <slv_reg0<6>>.
    Found 1-bit register for signal <slv_reg0<5>>.
    Found 1-bit register for signal <slv_reg0<4>>.
    Found 1-bit register for signal <slv_reg0<3>>.
    Found 1-bit register for signal <slv_reg0<2>>.
    Found 1-bit register for signal <slv_reg0<1>>.
    Found 1-bit register for signal <slv_reg0<0>>.
    Found 1-bit register for signal <slv_reg1<31>>.
    Found 1-bit register for signal <slv_reg1<30>>.
    Found 1-bit register for signal <slv_reg1<29>>.
    Found 1-bit register for signal <slv_reg1<28>>.
    Found 1-bit register for signal <slv_reg1<27>>.
    Found 1-bit register for signal <slv_reg1<26>>.
    Found 1-bit register for signal <slv_reg1<25>>.
    Found 1-bit register for signal <slv_reg1<24>>.
    Found 1-bit register for signal <slv_reg1<23>>.
    Found 1-bit register for signal <slv_reg1<22>>.
    Found 1-bit register for signal <slv_reg1<21>>.
    Found 1-bit register for signal <slv_reg1<20>>.
    Found 1-bit register for signal <slv_reg1<19>>.
    Found 1-bit register for signal <slv_reg1<18>>.
    Found 1-bit register for signal <slv_reg1<17>>.
    Found 1-bit register for signal <slv_reg1<16>>.
    Found 1-bit register for signal <slv_reg1<15>>.
    Found 1-bit register for signal <slv_reg1<14>>.
    Found 1-bit register for signal <slv_reg1<13>>.
    Found 1-bit register for signal <slv_reg1<12>>.
    Found 1-bit register for signal <slv_reg1<11>>.
    Found 1-bit register for signal <slv_reg1<10>>.
    Found 1-bit register for signal <slv_reg1<9>>.
    Found 1-bit register for signal <slv_reg1<8>>.
    Found 1-bit register for signal <slv_reg1<7>>.
    Found 1-bit register for signal <slv_reg1<6>>.
    Found 1-bit register for signal <slv_reg1<5>>.
    Found 1-bit register for signal <slv_reg1<4>>.
    Found 1-bit register for signal <slv_reg1<3>>.
    Found 1-bit register for signal <slv_reg1<2>>.
    Found 1-bit register for signal <slv_reg1<1>>.
    Found 1-bit register for signal <slv_reg1<0>>.
    Found 1-bit register for signal <slv_reg2<31>>.
    Found 1-bit register for signal <slv_reg2<30>>.
    Found 1-bit register for signal <slv_reg2<29>>.
    Found 1-bit register for signal <slv_reg2<28>>.
    Found 1-bit register for signal <slv_reg2<27>>.
    Found 1-bit register for signal <slv_reg2<26>>.
    Found 1-bit register for signal <slv_reg2<25>>.
    Found 1-bit register for signal <slv_reg2<24>>.
    Found 1-bit register for signal <slv_reg2<23>>.
    Found 1-bit register for signal <slv_reg2<22>>.
    Found 1-bit register for signal <slv_reg2<21>>.
    Found 1-bit register for signal <slv_reg2<20>>.
    Found 1-bit register for signal <slv_reg2<19>>.
    Found 1-bit register for signal <slv_reg2<18>>.
    Found 1-bit register for signal <slv_reg2<17>>.
    Found 1-bit register for signal <slv_reg2<16>>.
    Found 1-bit register for signal <slv_reg2<15>>.
    Found 1-bit register for signal <slv_reg2<14>>.
    Found 1-bit register for signal <slv_reg2<13>>.
    Found 1-bit register for signal <slv_reg2<12>>.
    Found 1-bit register for signal <slv_reg2<11>>.
    Found 1-bit register for signal <slv_reg2<10>>.
    Found 1-bit register for signal <slv_reg2<9>>.
    Found 1-bit register for signal <slv_reg2<8>>.
    Found 1-bit register for signal <slv_reg2<7>>.
    Found 1-bit register for signal <slv_reg2<6>>.
    Found 1-bit register for signal <slv_reg2<5>>.
    Found 1-bit register for signal <slv_reg2<4>>.
    Found 1-bit register for signal <slv_reg2<3>>.
    Found 1-bit register for signal <slv_reg2<2>>.
    Found 1-bit register for signal <slv_reg2<1>>.
    Found 1-bit register for signal <slv_reg2<0>>.
    Found 1-bit register for signal <slv_reg3<31>>.
    Found 1-bit register for signal <slv_reg3<30>>.
    Found 1-bit register for signal <slv_reg3<29>>.
    Found 1-bit register for signal <slv_reg3<28>>.
    Found 1-bit register for signal <slv_reg3<27>>.
    Found 1-bit register for signal <slv_reg3<26>>.
    Found 1-bit register for signal <slv_reg3<25>>.
    Found 1-bit register for signal <slv_reg3<24>>.
    Found 1-bit register for signal <slv_reg3<23>>.
    Found 1-bit register for signal <slv_reg3<22>>.
    Found 1-bit register for signal <slv_reg3<21>>.
    Found 1-bit register for signal <slv_reg3<20>>.
    Found 1-bit register for signal <slv_reg3<19>>.
    Found 1-bit register for signal <slv_reg3<18>>.
    Found 1-bit register for signal <slv_reg3<17>>.
    Found 1-bit register for signal <slv_reg3<16>>.
    Found 1-bit register for signal <slv_reg3<15>>.
    Found 1-bit register for signal <slv_reg3<14>>.
    Found 1-bit register for signal <slv_reg3<13>>.
    Found 1-bit register for signal <slv_reg3<12>>.
    Found 1-bit register for signal <slv_reg3<11>>.
    Found 1-bit register for signal <slv_reg3<10>>.
    Found 1-bit register for signal <slv_reg3<9>>.
    Found 1-bit register for signal <slv_reg3<8>>.
    Found 1-bit register for signal <slv_reg3<7>>.
    Found 1-bit register for signal <slv_reg3<6>>.
    Found 1-bit register for signal <slv_reg3<5>>.
    Found 1-bit register for signal <slv_reg3<4>>.
    Found 1-bit register for signal <slv_reg3<3>>.
    Found 1-bit register for signal <slv_reg3<2>>.
    Found 1-bit register for signal <slv_reg3<1>>.
    Found 1-bit register for signal <slv_reg3<0>>.
    Found 1-bit register for signal <reg_interrupt>.
    Found 1-bit register for signal <slv_reg0<31>>.
    Summary:
	inferred 129 D-type flip-flop(s).
	inferred 100 Multiplexer(s).
Unit <user_logic> synthesized.

=========================================================================
HDL Synthesis Report

Macro Statistics
# Adders/Subtractors                                   : 1
 4-bit adder                                           : 1
# Registers                                            : 49
 1-bit register                                        : 42
 2-bit register                                        : 2
 32-bit register                                       : 4
 4-bit register                                        : 1
# Multiplexers                                         : 106
 1-bit 2-to-1 multiplexer                              : 101
 32-bit 2-to-1 multiplexer                             : 5
# FSMs                                                 : 1

=========================================================================

=========================================================================
*                       Advanced HDL Synthesis                          *
=========================================================================

WARNING:Xst:1293 - FF/Latch <s_axi_bresp_i_0> has a constant value of 0 in block <I_SLAVE_ATTACHMENT>. This FF/Latch will be trimmed during the optimization process.
WARNING:Xst:1293 - FF/Latch <s_axi_bresp_i_1> has a constant value of 0 in block <I_SLAVE_ATTACHMENT>. This FF/Latch will be trimmed during the optimization process.
WARNING:Xst:1293 - FF/Latch <s_axi_rresp_i_0> has a constant value of 0 in block <I_SLAVE_ATTACHMENT>. This FF/Latch will be trimmed during the optimization process.
WARNING:Xst:1293 - FF/Latch <s_axi_rresp_i_1> has a constant value of 0 in block <I_SLAVE_ATTACHMENT>. This FF/Latch will be trimmed during the optimization process.
WARNING:Xst:1710 - FF/Latch <slv_reg0_13> (without init value) has a constant value of 0 in block <USER_LOGIC_I>. This FF/Latch will be trimmed during the optimization process.
WARNING:Xst:1710 - FF/Latch <slv_reg0_15> (without init value) has a constant value of 0 in block <USER_LOGIC_I>. This FF/Latch will be trimmed during the optimization process.
WARNING:Xst:1710 - FF/Latch <slv_reg0_14> (without init value) has a constant value of 0 in block <USER_LOGIC_I>. This FF/Latch will be trimmed during the optimization process.
WARNING:Xst:1710 - FF/Latch <slv_reg0_12> (without init value) has a constant value of 0 in block <USER_LOGIC_I>. This FF/Latch will be trimmed during the optimization process.
WARNING:Xst:1710 - FF/Latch <slv_reg0_11> (without init value) has a constant value of 0 in block <USER_LOGIC_I>. This FF/Latch will be trimmed during the optimization process.
WARNING:Xst:1710 - FF/Latch <slv_reg0_10> (without init value) has a constant value of 0 in block <USER_LOGIC_I>. This FF/Latch will be trimmed during the optimization process.
WARNING:Xst:1710 - FF/Latch <slv_reg0_9> (without init value) has a constant value of 0 in block <USER_LOGIC_I>. This FF/Latch will be trimmed during the optimization process.
WARNING:Xst:1710 - FF/Latch <slv_reg0_8> (without init value) has a constant value of 0 in block <USER_LOGIC_I>. This FF/Latch will be trimmed during the optimization process.

Synthesizing (advanced) Unit <slave_attachment>.
The following registers are absorbed into counter <INCLUDE_DPHASE_TIMER.dpto_cnt>: 1 register on signal <INCLUDE_DPHASE_TIMER.dpto_cnt>.
Unit <slave_attachment> synthesized (advanced).

=========================================================================
Advanced HDL Synthesis Report

Macro Statistics
# Counters                                             : 1
 4-bit up counter                                      : 1
# Registers                                            : 174
 Flip-Flops                                            : 174
# Multiplexers                                         : 102
 1-bit 2-to-1 multiplexer                              : 97
 32-bit 2-to-1 multiplexer                             : 5
# FSMs                                                 : 1

=========================================================================

=========================================================================
*                         Low Level Synthesis                           *
=========================================================================
WARNING:Xst:1293 - FF/Latch <s_axi_rresp_i_0> has a constant value of 0 in block <slave_attachment>. This FF/Latch will be trimmed during the optimization process.
WARNING:Xst:1896 - Due to other FF/Latch trimming, FF/Latch <s_axi_bresp_i_0> has a constant value of 0 in block <slave_attachment>. This FF/Latch will be trimmed during the optimization process.
WARNING:Xst:1710 - FF/Latch <slv_reg0_13> (without init value) has a constant value of 0 in block <user_logic>. This FF/Latch will be trimmed during the optimization process.
WARNING:Xst:1895 - Due to other FF/Latch trimming, FF/Latch <slv_reg0_15> (without init value) has a constant value of 0 in block <user_logic>. This FF/Latch will be trimmed during the optimization process.
WARNING:Xst:1895 - Due to other FF/Latch trimming, FF/Latch <slv_reg0_14> (without init value) has a constant value of 0 in block <user_logic>. This FF/Latch will be trimmed during the optimization process.
WARNING:Xst:1895 - Due to other FF/Latch trimming, FF/Latch <slv_reg0_12> (without init value) has a constant value of 0 in block <user_logic>. This FF/Latch will be trimmed during the optimization process.
WARNING:Xst:1895 - Due to other FF/Latch trimming, FF/Latch <slv_reg0_11> (without init value) has a constant value of 0 in block <user_logic>. This FF/Latch will be trimmed during the optimization process.
WARNING:Xst:1895 - Due to other FF/Latch trimming, FF/Latch <slv_reg0_10> (without init value) has a constant value of 0 in block <user_logic>. This FF/Latch will be trimmed during the optimization process.
WARNING:Xst:1895 - Due to other FF/Latch trimming, FF/Latch <slv_reg0_9> (without init value) has a constant value of 0 in block <user_logic>. This FF/Latch will be trimmed during the optimization process.
WARNING:Xst:1895 - Due to other FF/Latch trimming, FF/Latch <slv_reg0_8> (without init value) has a constant value of 0 in block <user_logic>. This FF/Latch will be trimmed during the optimization process.
Analyzing FSM <MFsm> for best encoding.
Optimizing FSM <AXI_LITE_IPIF_I/I_SLAVE_ATTACHMENT/FSM_0> on signal <state[1:2]> with user encoding.
----------------------
 State    | Encoding
----------------------
 sm_idle  | 00
 sm_read  | 01
 sm_write | 10
 sm_resp  | 11
----------------------

Optimizing unit <serial_adder_8_bit> ...

Optimizing unit <slave_attachment> ...

Optimizing unit <address_decoder> ...

Optimizing unit <user_logic> ...
WARNING:Xst:1293 - FF/Latch <AXI_LITE_IPIF_I/I_SLAVE_ATTACHMENT/s_axi_bresp_i_1> has a constant value of 0 in block <serial_adder_8_bit>. This FF/Latch will be trimmed during the optimization process.
WARNING:Xst:1896 - Due to other FF/Latch trimming, FF/Latch <AXI_LITE_IPIF_I/I_SLAVE_ATTACHMENT/s_axi_rresp_i_1> has a constant value of 0 in block <serial_adder_8_bit>. This FF/Latch will be trimmed during the optimization process.
WARNING:Xst:2677 - Node <AXI_LITE_IPIF_I/I_SLAVE_ATTACHMENT/I_DECODER/cs_out_i_0> of sequential type is unconnected in block <serial_adder_8_bit>.

Mapping all equations...
Building and optimizing final netlist ...
Found area constraint ratio of 100 (+ 5) on block serial_adder_8_bit, actual ratio is 1.
FlipFlop AXI_LITE_IPIF_I/I_SLAVE_ATTACHMENT/I_DECODER/Bus_RNW_reg has been replicated 2 time(s)
FlipFlop AXI_LITE_IPIF_I/I_SLAVE_ATTACHMENT/I_DECODER/ce_out_i_0 has been replicated 1 time(s)
FlipFlop AXI_LITE_IPIF_I/I_SLAVE_ATTACHMENT/I_DECODER/ce_out_i_1 has been replicated 1 time(s)
FlipFlop AXI_LITE_IPIF_I/I_SLAVE_ATTACHMENT/I_DECODER/ce_out_i_2 has been replicated 1 time(s)

Final Macro Processing ...

=========================================================================
Final Register Report

Macro Statistics
# Registers                                            : 172
 Flip-Flops                                            : 172

=========================================================================

=========================================================================
*                           Partition Report                            *
=========================================================================

Partition Implementation Status
-------------------------------

  No Partitions were found in this design.

-------------------------------

=========================================================================
*                            Design Summary                             *
=========================================================================

Top Level Output File Name         : serial_adder_8_bit.ngc

Primitive and Black Box Usage:
------------------------------
# BELS                             : 215
#      GND                         : 1
#      INV                         : 2
#      LUT2                        : 30
#      LUT3                        : 12
#      LUT4                        : 2
#      LUT5                        : 10
#      LUT6                        : 158
# FlipFlops/Latches                : 172
#      FD                          : 12
#      FDR                         : 104
#      FDRE                        : 56
# Clock Buffers                    : 1
#      BUFGP                       : 1
# IO Buffers                       : 84
#      IBUF                        : 42
#      OBUF                        : 42

Device utilization summary:
---------------------------

Selected Device : 6slx45csg324-3 


Slice Logic Utilization: 
 Number of Slice Registers:             172  out of  54576     0%  
 Number of Slice LUTs:                  214  out of  27288     0%  
    Number used as Logic:               214  out of  27288     0%  

Slice Logic Distribution: 
 Number of LUT Flip Flop pairs used:    243
   Number with an unused Flip Flop:      71  out of    243    29%  
   Number with an unused LUT:            29  out of    243    11%  
   Number of fully used LUT-FF pairs:   143  out of    243    58%  
   Number of unique control sets:         6

IO Utilization: 
 Number of IOs:                         149
 Number of bonded IOBs:                  85  out of    218    38%  

Specific Feature Utilization:
 Number of BUFG/BUFGCTRLs:                1  out of     16     6%  

---------------------------
Partition Resource Summary:
---------------------------

  No Partitions were found in this design.

---------------------------


=========================================================================
Timing Report

NOTE: THESE TIMING NUMBERS ARE ONLY A SYNTHESIS ESTIMATE.
      FOR ACCURATE TIMING INFORMATION PLEASE REFER TO THE TRACE REPORT
      GENERATED AFTER PLACE-and-ROUTE.

Clock Information:
------------------
-----------------------------------+------------------------+-------+
Clock Signal                       | Clock buffer(FF name)  | Load  |
-----------------------------------+------------------------+-------+
S_AXI_ACLK                         | BUFGP                  | 172   |
-----------------------------------+------------------------+-------+

Asynchronous Control Signals Information:
----------------------------------------
No asynchronous control signals found in this design

Timing Summary:
---------------
Speed Grade: -3

   Minimum period: 3.927ns (Maximum Frequency: 254.638MHz)
   Minimum input arrival time before clock: 4.440ns
   Maximum output required time after clock: 5.252ns
   Maximum combinational path delay: No path found

Timing Details:
---------------
All values displayed in nanoseconds (ns)

=========================================================================
Timing constraint: Default period analysis for Clock 'S_AXI_ACLK'
  Clock period: 3.927ns (frequency: 254.638MHz)
  Total number of paths / destination ports: 1712 / 243
-------------------------------------------------------------------------
Delay:               3.927ns (Levels of Logic = 3)
  Source:            AXI_LITE_IPIF_I/I_SLAVE_ATTACHMENT/I_DECODER/ce_out_i_2 (FF)
  Destination:       AXI_LITE_IPIF_I/I_SLAVE_ATTACHMENT/s_axi_rdata_i_31 (FF)
  Source Clock:      S_AXI_ACLK rising
  Destination Clock: S_AXI_ACLK rising

  Data Path: AXI_LITE_IPIF_I/I_SLAVE_ATTACHMENT/I_DECODER/ce_out_i_2 to AXI_LITE_IPIF_I/I_SLAVE_ATTACHMENT/s_axi_rdata_i_31
                                Gate     Net
    Cell:in->out      fanout   Delay   Delay  Logical Name (Net Name)
    ----------------------------------------  ------------
     FD:C->Q              19   0.447   1.072  AXI_LITE_IPIF_I/I_SLAVE_ATTACHMENT/I_DECODER/ce_out_i_2 (AXI_LITE_IPIF_I/I_SLAVE_ATTACHMENT/I_DECODER/ce_out_i_2)
     LUT2:I1->O           11   0.205   1.111  AXI_LITE_IPIF_I/I_SLAVE_ATTACHMENT/I_DECODER/rdce_out_i<2>1_2 (AXI_LITE_IPIF_I/I_SLAVE_ATTACHMENT/I_DECODER/rdce_out_i<2>1_1)
     LUT6:I3->O            1   0.205   0.580  USER_LOGIC_I/Mmux_IP2Bus_Data201 (USER_LOGIC_I/Mmux_IP2Bus_Data20)
     LUT6:I5->O            1   0.205   0.000  USER_LOGIC_I/Mmux_IP2Bus_Data202 (user_IP2Bus_Data<27>)
     FDRE:D                    0.102          AXI_LITE_IPIF_I/I_SLAVE_ATTACHMENT/s_axi_rdata_i_27
    ----------------------------------------
    Total                      3.927ns (1.164ns logic, 2.763ns route)
                                       (29.6% logic, 70.4% route)

=========================================================================
Timing constraint: Default OFFSET IN BEFORE for Clock 'S_AXI_ACLK'
  Total number of paths / destination ports: 332 / 256
-------------------------------------------------------------------------
Offset:              4.440ns (Levels of Logic = 2)
  Source:            S_AXI_ARESETN (PAD)
  Destination:       USER_LOGIC_I/slv_reg3_31 (FF)
  Destination Clock: S_AXI_ACLK rising

  Data Path: S_AXI_ARESETN to USER_LOGIC_I/slv_reg3_31
                                Gate     Net
    Cell:in->out      fanout   Delay   Delay  Logical Name (Net Name)
    ----------------------------------------  ------------
     IBUF:I->O             3   1.222   0.650  S_AXI_ARESETN_IBUF (S_AXI_ARESETN_IBUF)
     INV:I->O            121   0.206   1.932  USER_LOGIC_I/Bus2IP_Resetn_inv351_INV_0 (AXI_LITE_IPIF_I/I_SLAVE_ATTACHMENT/rst_rstpot)
     FDRE:R                    0.430          USER_LOGIC_I/slv_reg0_29
    ----------------------------------------
    Total                      4.440ns (1.858ns logic, 2.582ns route)
                                       (41.8% logic, 58.2% route)

=========================================================================
Timing constraint: Default OFFSET OUT AFTER for Clock 'S_AXI_ACLK'
  Total number of paths / destination ports: 53 / 38
-------------------------------------------------------------------------
Offset:              5.252ns (Levels of Logic = 2)
  Source:            AXI_LITE_IPIF_I/I_SLAVE_ATTACHMENT/I_DECODER/ce_out_i_3 (FF)
  Destination:       S_AXI_WREADY (PAD)
  Source Clock:      S_AXI_ACLK rising

  Data Path: AXI_LITE_IPIF_I/I_SLAVE_ATTACHMENT/I_DECODER/ce_out_i_3 to S_AXI_WREADY
                                Gate     Net
    Cell:in->out      fanout   Delay   Delay  Logical Name (Net Name)
    ----------------------------------------  ------------
     FD:C->Q              16   0.447   1.349  AXI_LITE_IPIF_I/I_SLAVE_ATTACHMENT/I_DECODER/ce_out_i_3 (AXI_LITE_IPIF_I/I_SLAVE_ATTACHMENT/I_DECODER/ce_out_i_3)
     LUT6:I1->O            4   0.203   0.683  AXI_LITE_IPIF_I/I_SLAVE_ATTACHMENT/wr_done1 (S_AXI_AWREADY_OBUF)
     OBUF:I->O                 2.571          S_AXI_WREADY_OBUF (S_AXI_WREADY)
    ----------------------------------------
    Total                      5.252ns (3.221ns logic, 2.031ns route)
                                       (61.3% logic, 38.7% route)

=========================================================================

Cross Clock Domains Report:
--------------------------

Clock to Setup on destination clock S_AXI_ACLK
---------------+---------+---------+---------+---------+
               | Src:Rise| Src:Fall| Src:Rise| Src:Fall|
Source Clock   |Dest:Rise|Dest:Rise|Dest:Fall|Dest:Fall|
---------------+---------+---------+---------+---------+
S_AXI_ACLK     |    3.927|         |         |         |
---------------+---------+---------+---------+---------+

=========================================================================


Total REAL time to Xst completion: 19.00 secs
Total CPU time to Xst completion: 19.04 secs
 
--> 

Total memory usage is 269932 kilobytes

Number of errors   :    0 (   0 filtered)
Number of warnings :   34 (   0 filtered)
Number of infos    :    4 (   0 filtered)

