Release 14.7 - xst P.20131013 (nt64)
Copyright (c) 1995-2013 Xilinx, Inc.  All rights reserved.
--> Parameter TMPDIR set to xst/projnav.tmp


Total REAL time to Xst completion: 0.00 secs
Total CPU time to Xst completion: 0.44 secs
 
--> Parameter xsthdpdir set to xst


Total REAL time to Xst completion: 0.00 secs
Total CPU time to Xst completion: 0.44 secs
 
--> Reading design: SerialAdder.prj

TABLE OF CONTENTS
  1) Synthesis Options Summary
  2) HDL Compilation
  3) Design Hierarchy Analysis
  4) HDL Analysis
  5) HDL Synthesis
     5.1) HDL Synthesis Report
  6) Advanced HDL Synthesis
     6.1) Advanced HDL Synthesis Report
  7) Low Level Synthesis
  8) Partition Report
  9) Final Report
	9.1) Device utilization summary
	9.2) Partition Resource Summary
	9.3) TIMING REPORT


=========================================================================
*                      Synthesis Options Summary                        *
=========================================================================
---- Source Parameters
Input File Name                    : "SerialAdder.prj"
Input Format                       : mixed
Ignore Synthesis Constraint File   : NO

---- Target Parameters
Output File Name                   : "SerialAdder"
Output Format                      : NGC
Target Device                      : xc3s100e-5-vq100

---- Source Options
Top Module Name                    : SerialAdder
Automatic FSM Extraction           : YES
FSM Encoding Algorithm             : Auto
Safe Implementation                : No
FSM Style                          : LUT
RAM Extraction                     : Yes
RAM Style                          : Auto
ROM Extraction                     : Yes
Mux Style                          : Auto
Decoder Extraction                 : YES
Priority Encoder Extraction        : Yes
Shift Register Extraction          : YES
Logical Shifter Extraction         : YES
XOR Collapsing                     : YES
ROM Style                          : Auto
Mux Extraction                     : Yes
Resource Sharing                   : YES
Asynchronous To Synchronous        : NO
Multiplier Style                   : Auto
Automatic Register Balancing       : No

---- Target Options
Add IO Buffers                     : YES
Global Maximum Fanout              : 100000
Add Generic Clock Buffer(BUFG)     : 24
Register Duplication               : YES
Slice Packing                      : YES
Optimize Instantiated Primitives   : NO
Use Clock Enable                   : Yes
Use Synchronous Set                : Yes
Use Synchronous Reset              : Yes
Pack IO Registers into IOBs        : Auto
Equivalent register Removal        : YES

---- General Options
Optimization Goal                  : Speed
Optimization Effort                : 1
Keep Hierarchy                     : No
Netlist Hierarchy                  : As_Optimized
RTL Output                         : Yes
Global Optimization                : AllClockNets
Read Cores                         : YES
Write Timing Constraints           : NO
Cross Clock Analysis               : NO
Hierarchy Separator                : /
Bus Delimiter                      : <>
Case Specifier                     : Maintain
Slice Utilization Ratio            : 100
BRAM Utilization Ratio             : 100
Verilog 2001                       : YES
Auto BRAM Packing                  : NO
Slice Utilization Ratio Delta      : 5

=========================================================================


=========================================================================
*                          HDL Compilation                              *
=========================================================================
Compiling verilog file "SerialAdder.v" in library work
Module <SerialAdder> compiled
Module <FA> compiled
No errors in compilation
Analysis of file <"SerialAdder.prj"> succeeded.
 

=========================================================================
*                     Design Hierarchy Analysis                         *
=========================================================================
Analyzing hierarchy for module <SerialAdder> in library <work>.

Analyzing hierarchy for module <FA> in library <work>.


=========================================================================
*                            HDL Analysis                               *
=========================================================================
Analyzing top module <SerialAdder>.
Module <SerialAdder> is correct for synthesis.
 
Analyzing module <FA> in library <work>.
Module <FA> is correct for synthesis.
 

=========================================================================
*                           HDL Synthesis                               *
=========================================================================

Performing bidirectional port resolution...

Synthesizing Unit <FA>.
    Related source file is "SerialAdder.v".
    Found 1-bit xor2 for signal <s>.
    Found 1-bit xor2 for signal <W<1>>.
Unit <FA> synthesized.


Synthesizing Unit <SerialAdder>.
    Related source file is "SerialAdder.v".
    Using one-hot encoding for signal <$old_state_1>.
    Using one-hot encoding for signal <$old_state_7>.
    Found 8-bit register for signal <aHold>.
    Found 8-bit register for signal <bHold>.
    Found 1-bit register for signal <carryHold>.
    Found 8-bit register for signal <cHold>.
    Found 1-bit register for signal <d>.
    Found 8-bit register for signal <out>.
    Found 11-bit register for signal <state>.
    Summary:
	inferred  45 D-type flip-flop(s).
Unit <SerialAdder> synthesized.


=========================================================================
HDL Synthesis Report

Macro Statistics
# Registers                                            : 7
 1-bit register                                        : 2
 11-bit register                                       : 1
 8-bit register                                        : 4
# Xors                                                 : 2
 1-bit xor2                                            : 2

=========================================================================

=========================================================================
*                       Advanced HDL Synthesis                          *
=========================================================================


=========================================================================
Advanced HDL Synthesis Report

Macro Statistics
# Registers                                            : 45
 Flip-Flops                                            : 45
# Xors                                                 : 2
 1-bit xor2                                            : 2

=========================================================================

=========================================================================
*                         Low Level Synthesis                           *
=========================================================================

Optimizing unit <SerialAdder> ...

Mapping all equations...
Building and optimizing final netlist ...
Found area constraint ratio of 100 (+ 5) on block SerialAdder, actual ratio is 3.
FlipFlop state_1 has been replicated 1 time(s)

Final Macro Processing ...

=========================================================================
Final Register Report

Macro Statistics
# Registers                                            : 46
 Flip-Flops                                            : 46

=========================================================================

=========================================================================
*                           Partition Report                            *
=========================================================================

Partition Implementation Status
-------------------------------

  No Partitions were found in this design.

-------------------------------

=========================================================================
*                            Final Report                               *
=========================================================================
Final Results
RTL Top Level Output File Name     : SerialAdder.ngr
Top Level Output File Name         : SerialAdder
Output Format                      : NGC
Optimization Goal                  : Speed
Keep Hierarchy                     : No

Design Statistics
# IOs                              : 28

Cell Usage :
# BELS                             : 110
#      LUT2                        : 4
#      LUT2_L                      : 14
#      LUT3                        : 3
#      LUT3_D                      : 1
#      LUT3_L                      : 22
#      LUT4                        : 62
#      LUT4_D                      : 3
#      LUT4_L                      : 1
# FlipFlops/Latches                : 46
#      FD                          : 12
#      FDR                         : 10
#      FDRE                        : 8
#      FDRS                        : 2
#      FDS                         : 14
# Clock Buffers                    : 1
#      BUFGP                       : 1
# IO Buffers                       : 27
#      IBUF                        : 18
#      OBUF                        : 9
=========================================================================

Device utilization summary:
---------------------------

Selected Device : 3s100evq100-5 

 Number of Slices:                       57  out of    960     5%  
 Number of Slice Flip Flops:             46  out of   1920     2%  
 Number of 4 input LUTs:                110  out of   1920     5%  
 Number of IOs:                          28
 Number of bonded IOBs:                  28  out of     66    42%  
 Number of GCLKs:                         1  out of     24     4%  

---------------------------
Partition Resource Summary:
---------------------------

  No Partitions were found in this design.

---------------------------


=========================================================================
TIMING REPORT

NOTE: THESE TIMING NUMBERS ARE ONLY A SYNTHESIS ESTIMATE.
      FOR ACCURATE TIMING INFORMATION PLEASE REFER TO THE TRACE REPORT
      GENERATED AFTER PLACE-and-ROUTE.

Clock Information:
------------------
-----------------------------------+------------------------+-------+
Clock Signal                       | Clock buffer(FF name)  | Load  |
-----------------------------------+------------------------+-------+
clk                                | BUFGP                  | 46    |
-----------------------------------+------------------------+-------+

Asynchronous Control Signals Information:
----------------------------------------
No asynchronous control signals found in this design

Timing Summary:
---------------
Speed Grade: -5

   Minimum period: 5.440ns (Maximum Frequency: 183.834MHz)
   Minimum input arrival time before clock: 5.895ns
   Maximum output required time after clock: 4.063ns
   Maximum combinational path delay: No path found

Timing Detail:
--------------
All values displayed in nanoseconds (ns)

=========================================================================
Timing constraint: Default period analysis for Clock 'clk'
  Clock period: 5.440ns (frequency: 183.834MHz)
  Total number of paths / destination ports: 807 / 79
-------------------------------------------------------------------------
Delay:               5.440ns (Levels of Logic = 3)
  Source:            state_5 (FF)
  Destination:       aHold_0 (FF)
  Source Clock:      clk rising
  Destination Clock: clk rising

  Data Path: state_5 to aHold_0
                                Gate     Net
    Cell:in->out      fanout   Delay   Delay  Logical Name (Net Name)
    ----------------------------------------  ------------
     FDR:C->Q              3   0.514   0.603  state_5 (state_5)
     LUT4:I0->O            3   0.612   0.454  cHold_mux0000<0>1_SW0 (N20)
     LUT4_D:I3->O         14   0.612   0.880  cHold_mux0000<0>1_2 (cHold_mux0000<0>11)
     LUT4:I2->O            1   0.612   0.357  bHold_mux0000<6>0 (bHold_mux0000<6>0)
     FDS:S                     0.795          bHold_6
    ----------------------------------------
    Total                      5.440ns (3.145ns logic, 2.295ns route)
                                       (57.8% logic, 42.2% route)

=========================================================================
Timing constraint: Default OFFSET IN BEFORE for Clock 'clk'
  Total number of paths / destination ports: 181 / 63
-------------------------------------------------------------------------
Offset:              5.895ns (Levels of Logic = 4)
  Source:            rst (PAD)
  Destination:       state_10 (FF)
  Destination Clock: clk rising

  Data Path: rst to state_10
                                Gate     Net
    Cell:in->out      fanout   Delay   Delay  Logical Name (Net Name)
    ----------------------------------------  ------------
     IBUF:I->O            53   1.106   1.231  rst_IBUF (rst_IBUF)
     LUT2:I0->O            2   0.612   0.449  _old_state_7<0>10 (_old_state_7<0>10)
     LUT4:I1->O           20   0.612   1.006  d_and000027 (_old_state_7<1>1)
     LUT2:I1->O            1   0.612   0.000  _old_state_7<10>111 (_old_state_7<10>11)
     FDR:D                     0.268          state_10
    ----------------------------------------
    Total                      5.895ns (3.210ns logic, 2.685ns route)
                                       (54.5% logic, 45.5% route)

=========================================================================
Timing constraint: Default OFFSET OUT AFTER for Clock 'clk'
  Total number of paths / destination ports: 9 / 9
-------------------------------------------------------------------------
Offset:              4.063ns (Levels of Logic = 1)
  Source:            d (FF)
  Destination:       done (PAD)
  Source Clock:      clk rising

  Data Path: d to done
                                Gate     Net
    Cell:in->out      fanout   Delay   Delay  Logical Name (Net Name)
    ----------------------------------------  ------------
     FDR:C->Q              2   0.514   0.380  d (d)
     OBUF:I->O                 3.169          done_OBUF (done)
    ----------------------------------------
    Total                      4.063ns (3.683ns logic, 0.380ns route)
                                       (90.6% logic, 9.4% route)

=========================================================================


Total REAL time to Xst completion: 18.00 secs
Total CPU time to Xst completion: 18.45 secs
 
--> 

Total memory usage is 258456 kilobytes

Number of errors   :    0 (   0 filtered)
Number of warnings :    0 (   0 filtered)
Number of infos    :    0 (   0 filtered)

